2014-03-23 14:32:54,650: INFO: MainThread: Logging in.
2014-03-23 14:32:59,789: INFO: MainThread: Logged in.
2014-03-23 14:32:59,790: INFO: MainThread: Queued message '[ [SmokeDetector](https://github.com/Charcoal-SE/SmokeDetector) ] this is a test' for room #'11540'.
2014-03-23 14:32:59,791: INFO: MainThread: Queue length: 1.
2014-03-23 14:32:59,791: INFO: message_sender: Worker thread reporting for duty.
2014-03-23 14:32:59,791: INFO: message_sender: Now serving customer 1, '[ [SmokeDetector](https://github.com/Charcoal-SE/SmokeDetector) ] this is a test' for room #11540.
2014-03-23 14:32:59,791: DEBUG: message_sender: Attempt 1: start.
2014-03-23 14:32:59,934: DEBUG: message_sender: Attempt 1: success. Waiting 5.0 seconds
2014-03-23 14:33:57,214: INFO: MainThread: Logging in.
2014-03-23 14:34:02,065: INFO: MainThread: Logged in.
2014-03-23 14:34:02,066: INFO: MainThread: Queued message '[ [Blaze](https://github.com/Charcoal-SE/Blaze) ] this is a test' for room #'11540'.
2014-03-23 14:34:02,066: INFO: MainThread: Queue length: 1.
2014-03-23 14:34:02,066: INFO: message_sender: Worker thread reporting for duty.
2014-03-23 14:34:02,066: INFO: message_sender: Now serving customer 1, '[ [Blaze](https://github.com/Charcoal-SE/Blaze) ] this is a test' for room #11540.
2014-03-23 14:34:02,066: DEBUG: message_sender: Attempt 1: start.
2014-03-23 14:34:02,231: DEBUG: message_sender: Attempt 1: success. Waiting 5.0 seconds
2014-03-23 14:35:56,266: INFO: MainThread: Logging in.
2014-03-23 14:36:01,995: INFO: MainThread: Logged in.
2014-03-23 14:36:01,995: INFO: MainThread: Queued message '[ [Blaze](https://github.com/Charcoal-SE/Blaze) ] hi there\\!' for room #'11540'.
2014-03-23 14:36:01,996: INFO: MainThread: Queue length: 1.
2014-03-23 14:36:01,996: INFO: message_sender: Worker thread reporting for duty.
2014-03-23 14:36:01,996: INFO: message_sender: Now serving customer 1, '[ [Blaze](https://github.com/Charcoal-SE/Blaze) ] hi there\\!' for room #11540.
2014-03-23 14:36:01,996: DEBUG: message_sender: Attempt 1: start.
2014-03-23 14:36:02,113: DEBUG: message_sender: Attempt 1: success. Waiting 5.0 seconds
2014-03-23 14:48:29,779: INFO: MainThread: Logging in.
2014-03-23 14:48:34,552: INFO: MainThread: Logged in.
2014-03-23 14:48:34,553: INFO: MainThread: Queued message '[ [Blaze](https://github.com/Charcoal-SE/Blaze) ] hi there\\!' for room #'11540'.
2014-03-23 14:48:34,553: INFO: MainThread: Queue length: 1.
2014-03-23 14:48:34,553: INFO: message_sender: Worker thread reporting for duty.
2014-03-23 14:48:34,553: INFO: message_sender: Now serving customer 1, '[ [Blaze](https://github.com/Charcoal-SE/Blaze) ] hi there\\!' for room #11540.
2014-03-23 14:48:34,553: DEBUG: message_sender: Attempt 1: start.
2014-03-23 14:48:34,724: DEBUG: message_sender: Attempt 1: success. Waiting 5.0 seconds
2014-03-23 14:49:20,906: INFO: MainThread: Logging in.
2014-03-23 14:49:25,983: INFO: MainThread: Logged in.
2014-03-23 14:49:25,985: INFO: MainThread: Queued message '[ [Blaze](https://github.com/Charcoal-SE/Blaze) ] hiya' for room #'11540'.
2014-03-23 14:49:25,985: INFO: MainThread: Queue length: 1.
2014-03-23 14:49:25,986: INFO: message_sender: Worker thread reporting for duty.
2014-03-23 14:49:25,986: INFO: message_sender: Now serving customer 1, '[ [Blaze](https://github.com/Charcoal-SE/Blaze) ] hiya' for room #11540.
2014-03-23 14:49:25,986: DEBUG: message_sender: Attempt 1: start.
2014-03-23 14:49:26,100: DEBUG: message_sender: Attempt 1: success. Waiting 5.0 seconds
2014-03-23 14:49:58,415: INFO: MainThread: Logging in.
2014-03-23 14:50:03,036: INFO: MainThread: Logged in.
2014-03-23 14:50:03,037: INFO: MainThread: Queued message '[ [Blaze](https://github.com/Charcoal-SE/Blaze) ] heck no' for room #'11540'.
2014-03-23 14:50:03,037: INFO: MainThread: Queue length: 1.
2014-03-23 14:50:03,037: INFO: message_sender: Worker thread reporting for duty.
2014-03-23 14:50:03,037: INFO: message_sender: Now serving customer 1, '[ [Blaze](https://github.com/Charcoal-SE/Blaze) ] heck no' for room #11540.
2014-03-23 14:50:03,037: DEBUG: message_sender: Attempt 1: start.
2014-03-23 14:50:03,174: DEBUG: message_sender: Attempt 1: success. Waiting 5.0 seconds
